[35m[1mScanning dependencies of target tlv493d_tca9548a_whiskers[0m
[ 30%] Built target bno080_imu
[ 40%] [32mBuilding CXX object CMakeFiles/tlv493d_tca9548a_whiskers.dir/src/Whiskers_MUX_node.cpp.o[0m
[ 50%] [32m[1mLinking CXX executable tlv493d_tca9548a_whiskers[0m
[100%] Built target tlv493d_tca9548a_whiskers
-- Install configuration: ""
-- Up-to-date: /home/olimex/dev_ws/src/robominer/install/robominer_drivers/lib/robominer_drivers/bno080_imu
-- Installing: /home/olimex/dev_ws/src/robominer/install/robominer_drivers/lib/robominer_drivers/tlv493d_tca9548a_whiskers
-- Set runtime path of "/home/olimex/dev_ws/src/robominer/install/robominer_drivers/lib/robominer_drivers/tlv493d_tca9548a_whiskers" to ""
-- Up-to-date: /home/olimex/dev_ws/src/robominer/install/robominer_drivers/share/robominer_drivers/environment/pythonpath.sh
-- Up-to-date: /home/olimex/dev_ws/src/robominer/install/robominer_drivers/share/robominer_drivers/environment/pythonpath.dsv
-- Up-to-date: /home/olimex/dev_ws/src/robominer/install/robominer_drivers/lib/python3.8/site-packages/robominer_drivers
-- Up-to-date: /home/olimex/dev_ws/src/robominer/install/robominer_drivers/lib/python3.8/site-packages/robominer_drivers/__init__.py
Listing '/home/olimex/dev_ws/src/robominer/install/robominer_drivers/lib/python3.8/site-packages/robominer_drivers'...
-- Up-to-date: /home/olimex/dev_ws/src/robominer/install/robominer_drivers/lib/robominer_drivers/motor_serial_interface.py
-- Up-to-date: /home/olimex/dev_ws/src/robominer/install/robominer_drivers/lib/robominer_drivers/temperature_sensor.py
-- Up-to-date: /home/olimex/dev_ws/src/robominer/install/robominer_drivers/share/robominer_drivers/launch
-- Up-to-date: /home/olimex/dev_ws/src/robominer/install/robominer_drivers/share/robominer_drivers/launch/two_unos_com_id.launch.py
-- Up-to-date: /home/olimex/dev_ws/src/robominer/install/robominer_drivers/share/robominer_drivers/launch/single_motor.launch.py
-- Up-to-date: /home/olimex/dev_ws/src/robominer/install/robominer_drivers/share/robominer_drivers/launch/single_motor_com_id.launch.py
-- Up-to-date: /home/olimex/dev_ws/src/robominer/install/robominer_drivers/share/robominer_drivers/launch/old_module_com_id.launch.py
-- Up-to-date: /home/olimex/dev_ws/src/robominer/install/robominer_drivers/share/robominer_drivers/launch/right_module_com_id.launch.py
-- Up-to-date: /home/olimex/dev_ws/src/robominer/install/robominer_drivers/share/robominer_drivers/launch/four_motor_modules.launch.py
-- Up-to-date: /home/olimex/dev_ws/src/robominer/install/robominer_drivers/share/ament_index/resource_index/package_run_dependencies/robominer_drivers
-- Up-to-date: /home/olimex/dev_ws/src/robominer/install/robominer_drivers/share/ament_index/resource_index/parent_prefix_path/robominer_drivers
-- Up-to-date: /home/olimex/dev_ws/src/robominer/install/robominer_drivers/share/robominer_drivers/environment/ament_prefix_path.sh
-- Up-to-date: /home/olimex/dev_ws/src/robominer/install/robominer_drivers/share/robominer_drivers/environment/ament_prefix_path.dsv
-- Up-to-date: /home/olimex/dev_ws/src/robominer/install/robominer_drivers/share/robominer_drivers/environment/path.sh
-- Up-to-date: /home/olimex/dev_ws/src/robominer/install/robominer_drivers/share/robominer_drivers/environment/path.dsv
-- Up-to-date: /home/olimex/dev_ws/src/robominer/install/robominer_drivers/share/robominer_drivers/local_setup.bash
-- Up-to-date: /home/olimex/dev_ws/src/robominer/install/robominer_drivers/share/robominer_drivers/local_setup.sh
-- Up-to-date: /home/olimex/dev_ws/src/robominer/install/robominer_drivers/share/robominer_drivers/local_setup.zsh
-- Up-to-date: /home/olimex/dev_ws/src/robominer/install/robominer_drivers/share/robominer_drivers/local_setup.dsv
-- Installing: /home/olimex/dev_ws/src/robominer/install/robominer_drivers/share/robominer_drivers/package.dsv
-- Up-to-date: /home/olimex/dev_ws/src/robominer/install/robominer_drivers/share/ament_index/resource_index/packages/robominer_drivers
-- Up-to-date: /home/olimex/dev_ws/src/robominer/install/robominer_drivers/share/robominer_drivers/cmake/robominer_driversConfig.cmake
-- Up-to-date: /home/olimex/dev_ws/src/robominer/install/robominer_drivers/share/robominer_drivers/cmake/robominer_driversConfig-version.cmake
-- Up-to-date: /home/olimex/dev_ws/src/robominer/install/robominer_drivers/share/robominer_drivers/package.xml
