[2.357s] DEBUG:colcon:Command line arguments: ['/usr/bin/colcon', 'build', '--packages-select', 'robominer_drivers']
[2.358s] DEBUG:colcon:Parsed command line arguments: Namespace(ament_cmake_args=None, base_paths=['.'], build_base='build', catkin_cmake_args=None, catkin_skip_building_tests=False, cmake_args=None, cmake_clean_cache=False, cmake_clean_first=False, cmake_force_configure=False, cmake_target=None, cmake_target_skip_unavailable=False, continue_on_error=False, event_handlers=None, executor='parallel', ignore_user_meta=False, install_base='install', log_base=None, log_level=None, main=<bound method BuildVerb.main of <colcon_core.verb.build.BuildVerb object at 0xffffa601b4c0>>, merge_install=False, metas=['./colcon.meta'], packages_above=None, packages_above_and_dependencies=None, packages_above_depth=None, packages_end=None, packages_ignore=None, packages_ignore_regex=None, packages_select=['robominer_drivers'], packages_select_build_failed=False, packages_select_by_dep=None, packages_select_regex=None, packages_select_test_failures=False, packages_skip=None, packages_skip_build_finished=False, packages_skip_by_dep=None, packages_skip_regex=None, packages_skip_test_passed=False, packages_skip_up_to=None, packages_start=None, packages_up_to=None, packages_up_to_regex=None, parallel_workers=4, paths=None, symlink_install=False, test_result_base=None, verb_extension=<colcon_core.verb.build.BuildVerb object at 0xffffa601b4c0>, verb_name='build', verb_parser=<colcon_defaults.argument_parser.defaults.DefaultArgumentsDecorator object at 0xffffa601ba00>)
[2.646s] Level 1:colcon.colcon_core.package_discovery:discover_packages(colcon_meta) check parameters
[2.647s] Level 1:colcon.colcon_core.package_discovery:discover_packages(recursive) check parameters
[2.648s] Level 1:colcon.colcon_core.package_discovery:discover_packages(ignore) check parameters
[2.648s] Level 1:colcon.colcon_core.package_discovery:discover_packages(path) check parameters
[2.648s] Level 1:colcon.colcon_core.package_discovery:discover_packages(colcon_meta) discover
[2.649s] Level 1:colcon.colcon_core.package_discovery:discover_packages(recursive) discover
[2.650s] INFO:colcon.colcon_core.package_discovery:Crawling recursively for packages in '/home/olimex/dev_ws/src/robominer'
[2.651s] Level 1:colcon.colcon_core.package_identification:_identify(.) by extensions ['ignore', 'ignore_ament_install']
[2.652s] Level 1:colcon.colcon_core.package_identification:_identify(.) by extension 'ignore'
[2.652s] Level 1:colcon.colcon_core.package_identification:_identify(.) by extension 'ignore_ament_install'
[2.653s] Level 1:colcon.colcon_core.package_identification:_identify(.) by extensions ['colcon_pkg']
[2.653s] Level 1:colcon.colcon_core.package_identification:_identify(.) by extension 'colcon_pkg'
[2.654s] Level 1:colcon.colcon_core.package_identification:_identify(.) by extensions ['colcon_meta']
[2.654s] Level 1:colcon.colcon_core.package_identification:_identify(.) by extension 'colcon_meta'
[2.655s] Level 1:colcon.colcon_core.package_identification:_identify(.) by extensions ['ros']
[2.655s] Level 1:colcon.colcon_core.package_identification:_identify(.) by extension 'ros'
[2.828s] Level 1:colcon.colcon_core.package_identification:_identify(.) by extensions ['cmake', 'python']
[2.829s] Level 1:colcon.colcon_core.package_identification:_identify(.) by extension 'cmake'
[2.830s] Level 1:colcon.colcon_core.package_identification:_identify(.) by extension 'python'
[2.830s] Level 1:colcon.colcon_core.package_identification:_identify(.) by extensions ['python_setup_py']
[2.831s] Level 1:colcon.colcon_core.package_identification:_identify(.) by extension 'python_setup_py'
[2.832s] Level 1:colcon.colcon_core.package_identification:_identify(build) by extensions ['ignore', 'ignore_ament_install']
[2.833s] Level 1:colcon.colcon_core.package_identification:_identify(build) by extension 'ignore'
[2.834s] Level 1:colcon.colcon_core.package_identification:_identify(build) ignored
[2.835s] Level 1:colcon.colcon_core.package_identification:_identify(install) by extensions ['ignore', 'ignore_ament_install']
[2.836s] Level 1:colcon.colcon_core.package_identification:_identify(install) by extension 'ignore'
[2.837s] Level 1:colcon.colcon_core.package_identification:_identify(install) ignored
[2.837s] Level 1:colcon.colcon_core.package_identification:_identify(log) by extensions ['ignore', 'ignore_ament_install']
[2.839s] Level 1:colcon.colcon_core.package_identification:_identify(log) by extension 'ignore'
[2.839s] Level 1:colcon.colcon_core.package_identification:_identify(log) ignored
[2.840s] Level 1:colcon.colcon_core.package_identification:_identify(robominer_bringup) by extensions ['ignore', 'ignore_ament_install']
[2.841s] Level 1:colcon.colcon_core.package_identification:_identify(robominer_bringup) by extension 'ignore'
[2.842s] Level 1:colcon.colcon_core.package_identification:_identify(robominer_bringup) by extension 'ignore_ament_install'
[2.843s] Level 1:colcon.colcon_core.package_identification:_identify(robominer_bringup) by extensions ['colcon_pkg']
[2.843s] Level 1:colcon.colcon_core.package_identification:_identify(robominer_bringup) by extension 'colcon_pkg'
[2.844s] Level 1:colcon.colcon_core.package_identification:_identify(robominer_bringup) by extensions ['colcon_meta']
[2.844s] Level 1:colcon.colcon_core.package_identification:_identify(robominer_bringup) by extension 'colcon_meta'
[2.845s] Level 1:colcon.colcon_core.package_identification:_identify(robominer_bringup) by extensions ['ros']
[2.845s] Level 1:colcon.colcon_core.package_identification:_identify(robominer_bringup) by extension 'ros'
[2.879s] DEBUG:colcon.colcon_core.package_identification:Package 'robominer_bringup' with type 'ros.ament_python' and name 'robominer_bringup'
[2.880s] Level 1:colcon.colcon_core.package_identification:_identify(robominer_drivers) by extensions ['ignore', 'ignore_ament_install']
[2.881s] Level 1:colcon.colcon_core.package_identification:_identify(robominer_drivers) by extension 'ignore'
[2.881s] Level 1:colcon.colcon_core.package_identification:_identify(robominer_drivers) by extension 'ignore_ament_install'
[2.882s] Level 1:colcon.colcon_core.package_identification:_identify(robominer_drivers) by extensions ['colcon_pkg']
[2.883s] Level 1:colcon.colcon_core.package_identification:_identify(robominer_drivers) by extension 'colcon_pkg'
[2.883s] Level 1:colcon.colcon_core.package_identification:_identify(robominer_drivers) by extensions ['colcon_meta']
[2.883s] Level 1:colcon.colcon_core.package_identification:_identify(robominer_drivers) by extension 'colcon_meta'
[2.884s] Level 1:colcon.colcon_core.package_identification:_identify(robominer_drivers) by extensions ['ros']
[2.884s] Level 1:colcon.colcon_core.package_identification:_identify(robominer_drivers) by extension 'ros'
[2.897s] DEBUG:colcon.colcon_core.package_identification:Package 'robominer_drivers' with type 'ros.ament_cmake' and name 'robominer_drivers'
[2.898s] Level 1:colcon.colcon_core.package_identification:_identify(robominer_locomotion_control) by extensions ['ignore', 'ignore_ament_install']
[2.899s] Level 1:colcon.colcon_core.package_identification:_identify(robominer_locomotion_control) by extension 'ignore'
[2.900s] Level 1:colcon.colcon_core.package_identification:_identify(robominer_locomotion_control) by extension 'ignore_ament_install'
[2.901s] Level 1:colcon.colcon_core.package_identification:_identify(robominer_locomotion_control) by extensions ['colcon_pkg']
[2.901s] Level 1:colcon.colcon_core.package_identification:_identify(robominer_locomotion_control) by extension 'colcon_pkg'
[2.902s] Level 1:colcon.colcon_core.package_identification:_identify(robominer_locomotion_control) by extensions ['colcon_meta']
[2.902s] Level 1:colcon.colcon_core.package_identification:_identify(robominer_locomotion_control) by extension 'colcon_meta'
[2.903s] Level 1:colcon.colcon_core.package_identification:_identify(robominer_locomotion_control) by extensions ['ros']
[2.903s] Level 1:colcon.colcon_core.package_identification:_identify(robominer_locomotion_control) by extension 'ros'
[2.912s] DEBUG:colcon.colcon_core.package_identification:Package 'robominer_locomotion_control' with type 'ros.ament_python' and name 'robominer_locomotion_control'
[2.914s] Level 1:colcon.colcon_core.package_identification:_identify(robominer_msgs) by extensions ['ignore', 'ignore_ament_install']
[2.915s] Level 1:colcon.colcon_core.package_identification:_identify(robominer_msgs) by extension 'ignore'
[2.915s] Level 1:colcon.colcon_core.package_identification:_identify(robominer_msgs) by extension 'ignore_ament_install'
[2.916s] Level 1:colcon.colcon_core.package_identification:_identify(robominer_msgs) by extensions ['colcon_pkg']
[2.917s] Level 1:colcon.colcon_core.package_identification:_identify(robominer_msgs) by extension 'colcon_pkg'
[2.917s] Level 1:colcon.colcon_core.package_identification:_identify(robominer_msgs) by extensions ['colcon_meta']
[2.917s] Level 1:colcon.colcon_core.package_identification:_identify(robominer_msgs) by extension 'colcon_meta'
[2.918s] Level 1:colcon.colcon_core.package_identification:_identify(robominer_msgs) by extensions ['ros']
[2.918s] Level 1:colcon.colcon_core.package_identification:_identify(robominer_msgs) by extension 'ros'
[2.928s] DEBUG:colcon.colcon_core.package_identification:Package 'robominer_msgs' with type 'ros.ament_cmake' and name 'robominer_msgs'
[2.929s] Level 1:colcon.colcon_core.package_identification:_identify(rosbag2_2021_04_22-14_47_24) by extensions ['ignore', 'ignore_ament_install']
[2.930s] Level 1:colcon.colcon_core.package_identification:_identify(rosbag2_2021_04_22-14_47_24) by extension 'ignore'
[2.931s] Level 1:colcon.colcon_core.package_identification:_identify(rosbag2_2021_04_22-14_47_24) by extension 'ignore_ament_install'
[2.931s] Level 1:colcon.colcon_core.package_identification:_identify(rosbag2_2021_04_22-14_47_24) by extensions ['colcon_pkg']
[2.932s] Level 1:colcon.colcon_core.package_identification:_identify(rosbag2_2021_04_22-14_47_24) by extension 'colcon_pkg'
[2.932s] Level 1:colcon.colcon_core.package_identification:_identify(rosbag2_2021_04_22-14_47_24) by extensions ['colcon_meta']
[2.933s] Level 1:colcon.colcon_core.package_identification:_identify(rosbag2_2021_04_22-14_47_24) by extension 'colcon_meta'
[2.933s] Level 1:colcon.colcon_core.package_identification:_identify(rosbag2_2021_04_22-14_47_24) by extensions ['ros']
[2.934s] Level 1:colcon.colcon_core.package_identification:_identify(rosbag2_2021_04_22-14_47_24) by extension 'ros'
[2.935s] Level 1:colcon.colcon_core.package_identification:_identify(rosbag2_2021_04_22-14_47_24) by extensions ['cmake', 'python']
[2.935s] Level 1:colcon.colcon_core.package_identification:_identify(rosbag2_2021_04_22-14_47_24) by extension 'cmake'
[2.936s] Level 1:colcon.colcon_core.package_identification:_identify(rosbag2_2021_04_22-14_47_24) by extension 'python'
[2.936s] Level 1:colcon.colcon_core.package_identification:_identify(rosbag2_2021_04_22-14_47_24) by extensions ['python_setup_py']
[2.937s] Level 1:colcon.colcon_core.package_identification:_identify(rosbag2_2021_04_22-14_47_24) by extension 'python_setup_py'
[2.937s] Level 1:colcon.colcon_core.package_discovery:discover_packages(recursive) using defaults
[2.938s] Level 1:colcon.colcon_core.package_discovery:discover_packages(ignore) discover
[2.938s] Level 1:colcon.colcon_core.package_discovery:discover_packages(ignore) using defaults
[2.938s] Level 1:colcon.colcon_core.package_discovery:discover_packages(path) discover
[2.939s] Level 1:colcon.colcon_core.package_discovery:discover_packages(path) using defaults
[2.974s] INFO:colcon.colcon_core.package_selection:Skipping not selected package 'robominer_bringup' in 'robominer_bringup'
[2.975s] INFO:colcon.colcon_core.package_selection:Skipping not selected package 'robominer_locomotion_control' in 'robominer_locomotion_control'
[2.975s] INFO:colcon.colcon_core.package_selection:Skipping not selected package 'robominer_msgs' in 'robominer_msgs'
[3.007s] Level 5:colcon.colcon_core.verb:set package 'robominer_drivers' build argument 'cmake_args' from command line to 'None'
[3.008s] Level 5:colcon.colcon_core.verb:set package 'robominer_drivers' build argument 'cmake_target' from command line to 'None'
[3.008s] Level 5:colcon.colcon_core.verb:set package 'robominer_drivers' build argument 'cmake_target_skip_unavailable' from command line to 'False'
[3.009s] Level 5:colcon.colcon_core.verb:set package 'robominer_drivers' build argument 'cmake_clean_cache' from command line to 'False'
[3.009s] Level 5:colcon.colcon_core.verb:set package 'robominer_drivers' build argument 'cmake_clean_first' from command line to 'False'
[3.009s] Level 5:colcon.colcon_core.verb:set package 'robominer_drivers' build argument 'cmake_force_configure' from command line to 'False'
[3.010s] Level 5:colcon.colcon_core.verb:set package 'robominer_drivers' build argument 'ament_cmake_args' from command line to 'None'
[3.010s] Level 5:colcon.colcon_core.verb:set package 'robominer_drivers' build argument 'catkin_cmake_args' from command line to 'None'
[3.010s] Level 5:colcon.colcon_core.verb:set package 'robominer_drivers' build argument 'catkin_skip_building_tests' from command line to 'False'
[3.011s] DEBUG:colcon.colcon_core.verb:Building package 'robominer_drivers' with the following arguments: {'ament_cmake_args': None, 'build_base': '/home/olimex/dev_ws/src/robominer/build/robominer_drivers', 'catkin_cmake_args': None, 'catkin_skip_building_tests': False, 'cmake_args': None, 'cmake_clean_cache': False, 'cmake_clean_first': False, 'cmake_force_configure': False, 'cmake_target': None, 'cmake_target_skip_unavailable': False, 'install_base': '/home/olimex/dev_ws/src/robominer/install/robominer_drivers', 'merge_install': False, 'path': '/home/olimex/dev_ws/src/robominer/robominer_drivers', 'symlink_install': False, 'test_result_base': None}
[3.015s] INFO:colcon.colcon_core.executor:Executing jobs using 'parallel' executor
[3.035s] DEBUG:colcon.colcon_parallel_executor.executor.parallel:run_until_complete
[3.038s] INFO:colcon.colcon_ros.task.ament_cmake.build:Building ROS package in '/home/olimex/dev_ws/src/robominer/robominer_drivers' with build type 'ament_cmake'
[3.103s] INFO:colcon.colcon_core.plugin_system:Skipping extension 'colcon_core.shell.bat': Not used on non-Windows systems
[3.106s] INFO:colcon.colcon_cmake.task.cmake.build:Building CMake package in '/home/olimex/dev_ws/src/robominer/robominer_drivers'
[3.113s] INFO:colcon.colcon_core.shell:Skip shell extension 'powershell' for command environment: Not usable outside of PowerShell
[3.114s] DEBUG:colcon.colcon_core.shell:Skip shell extension 'dsv' for command environment
[3.159s] DEBUG:colcon.colcon_core.shell:Ignoring prefix path '/opt/ros/foxy'
[3.225s] DEBUG:colcon.colcon_core.event_handler.log_command:Invoking command in '/home/olimex/dev_ws/src/robominer/build/robominer_drivers': CMAKE_PREFIX_PATH=${CMAKE_PREFIX_PATH}:/opt/ros/foxy /usr/bin/cmake /home/olimex/dev_ws/src/robominer/robominer_drivers -DCMAKE_INSTALL_PREFIX=/home/olimex/dev_ws/src/robominer/install/robominer_drivers
[22.059s] DEBUG:colcon.colcon_core.event_handler.log_command:Invoked command in '/home/olimex/dev_ws/src/robominer/build/robominer_drivers' returned '0': CMAKE_PREFIX_PATH=${CMAKE_PREFIX_PATH}:/opt/ros/foxy /usr/bin/cmake /home/olimex/dev_ws/src/robominer/robominer_drivers -DCMAKE_INSTALL_PREFIX=/home/olimex/dev_ws/src/robominer/install/robominer_drivers
[22.083s] DEBUG:colcon.colcon_core.event_handler.log_command:Invoking command in '/home/olimex/dev_ws/src/robominer/build/robominer_drivers': CMAKE_PREFIX_PATH=${CMAKE_PREFIX_PATH}:/opt/ros/foxy /usr/bin/cmake --build /home/olimex/dev_ws/src/robominer/build/robominer_drivers -- -j4 -l4
[115.142s] DEBUG:colcon.colcon_core.event_handler.log_command:Invoked command in '/home/olimex/dev_ws/src/robominer/build/robominer_drivers' returned '0': CMAKE_PREFIX_PATH=${CMAKE_PREFIX_PATH}:/opt/ros/foxy /usr/bin/cmake --build /home/olimex/dev_ws/src/robominer/build/robominer_drivers -- -j4 -l4
[115.753s] DEBUG:colcon.colcon_core.event_handler.log_command:Invoking command in '/home/olimex/dev_ws/src/robominer/build/robominer_drivers': CMAKE_PREFIX_PATH=${CMAKE_PREFIX_PATH}:/opt/ros/foxy /usr/bin/cmake --install /home/olimex/dev_ws/src/robominer/build/robominer_drivers
[116.645s] DEBUG:colcon.colcon_core.event_handler.log_command:Invoked command in '/home/olimex/dev_ws/src/robominer/build/robominer_drivers' returned '0': CMAKE_PREFIX_PATH=${CMAKE_PREFIX_PATH}:/opt/ros/foxy /usr/bin/cmake --install /home/olimex/dev_ws/src/robominer/build/robominer_drivers
[116.643s] Level 1:colcon.colcon_core.environment:create_environment_scripts_only(robominer_drivers)
[116.990s] Level 1:colcon.colcon_core.environment:checking '/home/olimex/dev_ws/src/robominer/install/robominer_drivers' for CMake module files
[117.005s] Level 1:colcon.colcon_core.environment:checking '/home/olimex/dev_ws/src/robominer/install/robominer_drivers' for CMake config files
[117.015s] Level 1:colcon.colcon_core.shell:create_environment_hook('robominer_drivers', 'cmake_prefix_path')
[117.035s] INFO:colcon.colcon_core.shell:Creating environment hook '/home/olimex/dev_ws/src/robominer/install/robominer_drivers/share/robominer_drivers/hook/cmake_prefix_path.ps1'
[117.124s] INFO:colcon.colcon_core.shell:Creating environment descriptor '/home/olimex/dev_ws/src/robominer/install/robominer_drivers/share/robominer_drivers/hook/cmake_prefix_path.dsv'
[117.134s] INFO:colcon.colcon_core.shell:Creating environment hook '/home/olimex/dev_ws/src/robominer/install/robominer_drivers/share/robominer_drivers/hook/cmake_prefix_path.sh'
[117.166s] Level 1:colcon.colcon_core.environment:checking '/home/olimex/dev_ws/src/robominer/install/robominer_drivers/lib'
[117.168s] Level 1:colcon.colcon_core.environment:checking '/home/olimex/dev_ws/src/robominer/install/robominer_drivers/bin'
[117.170s] Level 1:colcon.colcon_core.environment:checking '/home/olimex/dev_ws/src/robominer/install/robominer_drivers/lib/pkgconfig/robominer_drivers.pc'
[117.179s] Level 1:colcon.colcon_core.environment:checking '/home/olimex/dev_ws/src/robominer/install/robominer_drivers/lib/python3.8/site-packages'
[117.180s] Level 1:colcon.colcon_core.shell:create_environment_hook('robominer_drivers', 'pythonpath')
[117.188s] INFO:colcon.colcon_core.shell:Creating environment hook '/home/olimex/dev_ws/src/robominer/install/robominer_drivers/share/robominer_drivers/hook/pythonpath.ps1'
[117.194s] INFO:colcon.colcon_core.shell:Creating environment descriptor '/home/olimex/dev_ws/src/robominer/install/robominer_drivers/share/robominer_drivers/hook/pythonpath.dsv'
[117.200s] INFO:colcon.colcon_core.shell:Creating environment hook '/home/olimex/dev_ws/src/robominer/install/robominer_drivers/share/robominer_drivers/hook/pythonpath.sh'
[117.211s] INFO:colcon.colcon_core.shell:Creating package script '/home/olimex/dev_ws/src/robominer/install/robominer_drivers/share/robominer_drivers/package.ps1'
[117.231s] INFO:colcon.colcon_core.shell:Creating package descriptor '/home/olimex/dev_ws/src/robominer/install/robominer_drivers/share/robominer_drivers/package.dsv'
[117.239s] INFO:colcon.colcon_core.shell:Creating package script '/home/olimex/dev_ws/src/robominer/install/robominer_drivers/share/robominer_drivers/package.sh'
[117.255s] INFO:colcon.colcon_core.shell:Creating package script '/home/olimex/dev_ws/src/robominer/install/robominer_drivers/share/robominer_drivers/package.bash'
[117.269s] INFO:colcon.colcon_core.shell:Creating package script '/home/olimex/dev_ws/src/robominer/install/robominer_drivers/share/robominer_drivers/package.zsh'
[117.283s] Level 1:colcon.colcon_core.environment:create_file_with_runtime_dependencies(/home/olimex/dev_ws/src/robominer/install/robominer_drivers/share/colcon-core/packages/robominer_drivers)
[117.295s] DEBUG:colcon.colcon_parallel_executor.executor.parallel:closing loop
[117.316s] DEBUG:colcon.colcon_parallel_executor.executor.parallel:loop closed
[117.318s] DEBUG:colcon.colcon_parallel_executor.executor.parallel:run_until_complete finished with '0'
[117.321s] DEBUG:colcon.colcon_core.event_reactor:joining thread
[117.989s] INFO:colcon.colcon_core.plugin_system:Skipping extension 'colcon_notification.desktop_notification.terminal_notifier': Not used on non-Darwin systems
[117.990s] INFO:colcon.colcon_core.plugin_system:Skipping extension 'colcon_notification.desktop_notification.win32': Not used on non-Windows systems
[117.991s] INFO:colcon.colcon_notification.desktop_notification:Sending desktop notification using 'notify2'
[118.505s] DEBUG:colcon.colcon_core.event_reactor:joined thread
[118.582s] INFO:colcon.colcon_core.shell:Creating prefix script '/home/olimex/dev_ws/src/robominer/install/local_setup.ps1'
[118.594s] INFO:colcon.colcon_core.shell:Creating prefix util module '/home/olimex/dev_ws/src/robominer/install/_local_setup_util_ps1.py'
[118.614s] INFO:colcon.colcon_core.shell:Creating prefix chain script '/home/olimex/dev_ws/src/robominer/install/setup.ps1'
[118.651s] INFO:colcon.colcon_core.shell:Creating prefix script '/home/olimex/dev_ws/src/robominer/install/local_setup.sh'
[118.660s] INFO:colcon.colcon_core.shell:Creating prefix util module '/home/olimex/dev_ws/src/robominer/install/_local_setup_util_sh.py'
[118.665s] INFO:colcon.colcon_core.shell:Creating prefix chain script '/home/olimex/dev_ws/src/robominer/install/setup.sh'
[118.696s] INFO:colcon.colcon_core.shell:Creating prefix script '/home/olimex/dev_ws/src/robominer/install/local_setup.bash'
[118.702s] INFO:colcon.colcon_core.shell:Creating prefix chain script '/home/olimex/dev_ws/src/robominer/install/setup.bash'
[118.731s] INFO:colcon.colcon_core.shell:Creating prefix script '/home/olimex/dev_ws/src/robominer/install/local_setup.zsh'
[118.737s] INFO:colcon.colcon_core.shell:Creating prefix chain script '/home/olimex/dev_ws/src/robominer/install/setup.zsh'
