-- The C compiler identification is GNU 9.3.0
-- The CXX compiler identification is GNU 9.3.0
-- Check for working C compiler: /usr/bin/cc
-- Check for working C compiler: /usr/bin/cc -- works
-- Detecting C compiler ABI info
-- Detecting C compiler ABI info - done
-- Detecting C compile features
-- Detecting C compile features - done
-- Check for working CXX compiler: /usr/bin/c++
-- Check for working CXX compiler: /usr/bin/c++ -- works
-- Detecting CXX compiler ABI info
-- Detecting CXX compiler ABI info - done
-- Detecting CXX compile features
-- Detecting CXX compile features - done
-- Found ament_cmake: 0.9.6 (/opt/ros/foxy/share/ament_cmake/cmake)
-- Found PythonInterp: /usr/bin/python3 (found suitable version "3.8.2", minimum required is "3") 
-- Using PYTHON_EXECUTABLE: /usr/bin/python3
-- Found rclcpp: 2.1.0 (/opt/ros/foxy/share/rclcpp/cmake)
-- Using all available rosidl_typesupport_c: rosidl_typesupport_fastrtps_c;rosidl_typesupport_introspection_c
-- Found rosidl_adapter: 1.1.0 (/opt/ros/foxy/share/rosidl_adapter/cmake)
-- Found OpenSSL: /usr/lib/aarch64-linux-gnu/libcrypto.so (found version "1.1.1f")  
-- Found FastRTPS: /opt/ros/foxy/include  
-- Using all available rosidl_typesupport_cpp: rosidl_typesupport_fastrtps_cpp;rosidl_typesupport_introspection_cpp
-- Found rmw_implementation_cmake: 1.0.1 (/opt/ros/foxy/share/rmw_implementation_cmake/cmake)
-- Using RMW implementation 'rmw_fastrtps_cpp' as default
-- Looking for pthread.h
-- Looking for pthread.h - found
-- Performing Test CMAKE_HAVE_LIBC_PTHREAD
-- Performing Test CMAKE_HAVE_LIBC_PTHREAD - Failed
-- Looking for pthread_create in pthreads
-- Looking for pthread_create in pthreads - not found
-- Looking for pthread_create in pthread
-- Looking for pthread_create in pthread - found
-- Found Threads: TRUE  
-- Found rclpy: 1.0.4 (/opt/ros/foxy/share/rclpy/cmake)
-- Found sensor_msgs: 2.0.3 (/opt/ros/foxy/share/sensor_msgs/cmake)
-- Found tf2: 0.13.5 (/opt/ros/foxy/share/tf2/cmake)
-- Found robominer_msgs: 0.0.0 (/home/olimex/dev_ws/install/robominer_msgs/share/robominer_msgs/cmake)
-- Found ament_lint_auto: 0.9.5 (/opt/ros/foxy/share/ament_lint_auto/cmake)
-- Added test 'copyright' to check source files copyright and LICENSE
-- Added test 'cppcheck' to perform static code analysis on C / C++ code
-- Configured cppcheck include dirs: /home/olimex/dev_ws/src/robominer/robominer_drivers/include
-- Configured cppcheck exclude dirs and/or files: 
-- Added test 'cpplint' to check C / C++ code against the Google style
-- Configured cpplint exclude dirs and/or files: 
-- Added test 'flake8' to check Python code syntax and style conventions
-- Added test 'lint_cmake' to check CMake code style
-- Added test 'pep257' to check Python code against some of the style conventions in PEP 257
-- Added test 'uncrustify' to check C / C++ code style
-- Configured uncrustify additional arguments: 
-- Added test 'xmllint' to check XML markup files
-- Configuring done
-- Generating done
-- Build files have been written to: /home/olimex/dev_ws/src/robominer/build/robominer_drivers
[35m[1mScanning dependencies of target bno080_imu[0m
[35m[1mScanning dependencies of target tlv493d_tca9548a_whiskers[0m
[ 10%] [32mBuilding CXX object CMakeFiles/bno080_imu.dir/src/BNO080_i2c.cpp.o[0m
[ 20%] [32mBuilding CXX object CMakeFiles/bno080_imu.dir/src/BNO080_imu.cpp.o[0m
[ 30%] [32mBuilding CXX object CMakeFiles/tlv493d_tca9548a_whiskers.dir/src/Whiskers_MUX_node.cpp.o[0m
[ 40%] [32mBuilding CXX object CMakeFiles/tlv493d_tca9548a_whiskers.dir/src/arduino_to_olimex/Olimexino.cpp.o[0m
[ 50%] [32mBuilding CXX object CMakeFiles/tlv493d_tca9548a_whiskers.dir/src/arduino_to_olimex/Wire.cpp.o[0m
[ 60%] [32mBuilding CXX object CMakeFiles/tlv493d_tca9548a_whiskers.dir/src/tlv493d_lib/util/RegMask.cpp.o[0m
[ 70%] [32mBuilding CXX object CMakeFiles/tlv493d_tca9548a_whiskers.dir/src/tlv493d_lib/util/BusInterface.cpp.o[0m
[ 80%] [32mBuilding CXX object CMakeFiles/tlv493d_tca9548a_whiskers.dir/src/tlv493d_lib/Tlv493d.cpp.o[0m
[100%] [32m[1mLinking CXX executable bno080_imu[0m
[100%] [32m[1mLinking CXX executable tlv493d_tca9548a_whiskers[0m
[100%] Built target bno080_imu
[100%] Built target tlv493d_tca9548a_whiskers
-- Install configuration: ""
-- Installing: /home/olimex/dev_ws/src/robominer/install/robominer_drivers/lib/robominer_drivers/bno080_imu
-- Set runtime path of "/home/olimex/dev_ws/src/robominer/install/robominer_drivers/lib/robominer_drivers/bno080_imu" to ""
-- Installing: /home/olimex/dev_ws/src/robominer/install/robominer_drivers/lib/robominer_drivers/tlv493d_tca9548a_whiskers
-- Set runtime path of "/home/olimex/dev_ws/src/robominer/install/robominer_drivers/lib/robominer_drivers/tlv493d_tca9548a_whiskers" to ""
-- Installing: /home/olimex/dev_ws/src/robominer/install/robominer_drivers/share/robominer_drivers/environment/pythonpath.sh
-- Installing: /home/olimex/dev_ws/src/robominer/install/robominer_drivers/share/robominer_drivers/environment/pythonpath.dsv
-- Installing: /home/olimex/dev_ws/src/robominer/install/robominer_drivers/lib/python3.8/site-packages/robominer_drivers
-- Installing: /home/olimex/dev_ws/src/robominer/install/robominer_drivers/lib/python3.8/site-packages/robominer_drivers/__init__.py
Listing '/home/olimex/dev_ws/src/robominer/install/robominer_drivers/lib/python3.8/site-packages/robominer_drivers'...
Compiling '/home/olimex/dev_ws/src/robominer/install/robominer_drivers/lib/python3.8/site-packages/robominer_drivers/__init__.py'...
-- Installing: /home/olimex/dev_ws/src/robominer/install/robominer_drivers/lib/robominer_drivers/motor_serial_interface.py
-- Installing: /home/olimex/dev_ws/src/robominer/install/robominer_drivers/lib/robominer_drivers/temperature_sensor.py
-- Installing: /home/olimex/dev_ws/src/robominer/install/robominer_drivers/share/robominer_drivers/launch
-- Installing: /home/olimex/dev_ws/src/robominer/install/robominer_drivers/share/robominer_drivers/launch/two_unos_com_id.launch.py
-- Installing: /home/olimex/dev_ws/src/robominer/install/robominer_drivers/share/robominer_drivers/launch/single_motor.launch.py
-- Installing: /home/olimex/dev_ws/src/robominer/install/robominer_drivers/share/robominer_drivers/launch/single_motor_com_id.launch.py
-- Installing: /home/olimex/dev_ws/src/robominer/install/robominer_drivers/share/robominer_drivers/launch/old_module_com_id.launch.py
-- Installing: /home/olimex/dev_ws/src/robominer/install/robominer_drivers/share/robominer_drivers/launch/right_module_com_id.launch.py
-- Installing: /home/olimex/dev_ws/src/robominer/install/robominer_drivers/share/robominer_drivers/launch/four_motor_modules.launch.py
-- Installing: /home/olimex/dev_ws/src/robominer/install/robominer_drivers/share/ament_index/resource_index/package_run_dependencies/robominer_drivers
-- Installing: /home/olimex/dev_ws/src/robominer/install/robominer_drivers/share/ament_index/resource_index/parent_prefix_path/robominer_drivers
-- Installing: /home/olimex/dev_ws/src/robominer/install/robominer_drivers/share/robominer_drivers/environment/ament_prefix_path.sh
-- Installing: /home/olimex/dev_ws/src/robominer/install/robominer_drivers/share/robominer_drivers/environment/ament_prefix_path.dsv
-- Installing: /home/olimex/dev_ws/src/robominer/install/robominer_drivers/share/robominer_drivers/environment/path.sh
-- Installing: /home/olimex/dev_ws/src/robominer/install/robominer_drivers/share/robominer_drivers/environment/path.dsv
-- Installing: /home/olimex/dev_ws/src/robominer/install/robominer_drivers/share/robominer_drivers/local_setup.bash
-- Installing: /home/olimex/dev_ws/src/robominer/install/robominer_drivers/share/robominer_drivers/local_setup.sh
-- Installing: /home/olimex/dev_ws/src/robominer/install/robominer_drivers/share/robominer_drivers/local_setup.zsh
-- Installing: /home/olimex/dev_ws/src/robominer/install/robominer_drivers/share/robominer_drivers/local_setup.dsv
-- Installing: /home/olimex/dev_ws/src/robominer/install/robominer_drivers/share/robominer_drivers/package.dsv
-- Installing: /home/olimex/dev_ws/src/robominer/install/robominer_drivers/share/ament_index/resource_index/packages/robominer_drivers
-- Installing: /home/olimex/dev_ws/src/robominer/install/robominer_drivers/share/robominer_drivers/cmake/robominer_driversConfig.cmake
-- Installing: /home/olimex/dev_ws/src/robominer/install/robominer_drivers/share/robominer_drivers/cmake/robominer_driversConfig-version.cmake
-- Installing: /home/olimex/dev_ws/src/robominer/install/robominer_drivers/share/robominer_drivers/package.xml
