[0.181s] Invoking command in '/home/olimex/dev_ws/src/robominer/build/robominer_drivers': CMAKE_PREFIX_PATH=${CMAKE_PREFIX_PATH}:/opt/ros/foxy /usr/bin/cmake /home/olimex/dev_ws/src/robominer/robominer_drivers -DCMAKE_INSTALL_PREFIX=/home/olimex/dev_ws/src/robominer/install/robominer_drivers
[1.635s] -- The C compiler identification is GNU 9.3.0
[2.280s] -- The CXX compiler identification is GNU 9.3.0
[2.346s] -- Check for working C compiler: /usr/bin/cc
[2.950s] -- Check for working C compiler: /usr/bin/cc -- works
[2.964s] -- Detecting C compiler ABI info
[3.558s] -- Detecting C compiler ABI info - done
[3.690s] -- Detecting C compile features
[3.694s] -- Detecting C compile features - done
[3.725s] -- Check for working CXX compiler: /usr/bin/c++
[4.399s] -- Check for working CXX compiler: /usr/bin/c++ -- works
[4.409s] -- Detecting CXX compiler ABI info
[5.092s] -- Detecting CXX compiler ABI info - done
[5.225s] -- Detecting CXX compile features
[5.231s] -- Detecting CXX compile features - done
[5.283s] -- Found ament_cmake: 0.9.6 (/opt/ros/foxy/share/ament_cmake/cmake)
[5.545s] -- Found PythonInterp: /usr/bin/python3 (found suitable version "3.8.2", minimum required is "3") 
[5.546s] -- Using PYTHON_EXECUTABLE: /usr/bin/python3
[7.819s] -- Found rclcpp: 2.1.0 (/opt/ros/foxy/share/rclcpp/cmake)
[8.247s] -- Using all available rosidl_typesupport_c: rosidl_typesupport_fastrtps_c;rosidl_typesupport_introspection_c
[8.328s] -- Found rosidl_adapter: 1.1.0 (/opt/ros/foxy/share/rosidl_adapter/cmake)
[9.142s] -- Found OpenSSL: /usr/lib/aarch64-linux-gnu/libcrypto.so (found version "1.1.1f")  
[9.399s] -- Found FastRTPS: /opt/ros/foxy/include  
[10.294s] -- Using all available rosidl_typesupport_cpp: rosidl_typesupport_fastrtps_cpp;rosidl_typesupport_introspection_cpp
[11.023s] -- Found rmw_implementation_cmake: 1.0.1 (/opt/ros/foxy/share/rmw_implementation_cmake/cmake)
[11.047s] -- Using RMW implementation 'rmw_fastrtps_cpp' as default
[11.061s] -- Looking for pthread.h
[11.732s] -- Looking for pthread.h - found
[11.734s] -- Performing Test CMAKE_HAVE_LIBC_PTHREAD
[12.363s] -- Performing Test CMAKE_HAVE_LIBC_PTHREAD - Failed
[12.365s] -- Looking for pthread_create in pthreads
[12.830s] -- Looking for pthread_create in pthreads - not found
[12.832s] -- Looking for pthread_create in pthread
[13.441s] -- Looking for pthread_create in pthread - found
[13.450s] -- Found Threads: TRUE  
[15.426s] -- Found rclpy: 1.0.4 (/opt/ros/foxy/share/rclpy/cmake)
[15.454s] -- Found sensor_msgs: 2.0.3 (/opt/ros/foxy/share/sensor_msgs/cmake)
[16.920s] -- Found tf2: 0.13.5 (/opt/ros/foxy/share/tf2/cmake)
[17.058s] -- Found robominer_msgs: 0.0.0 (/home/olimex/dev_ws/install/robominer_msgs/share/robominer_msgs/cmake)
[17.814s] -- Found ament_lint_auto: 0.9.5 (/opt/ros/foxy/share/ament_lint_auto/cmake)
[18.647s] -- Added test 'copyright' to check source files copyright and LICENSE
[18.666s] -- Added test 'cppcheck' to perform static code analysis on C / C++ code
[18.669s] -- Configured cppcheck include dirs: /home/olimex/dev_ws/src/robominer/robominer_drivers/include
[18.671s] -- Configured cppcheck exclude dirs and/or files: 
[18.689s] -- Added test 'cpplint' to check C / C++ code against the Google style
[18.690s] -- Configured cpplint exclude dirs and/or files: 
[18.698s] -- Added test 'flake8' to check Python code syntax and style conventions
[18.707s] -- Added test 'lint_cmake' to check CMake code style
[18.716s] -- Added test 'pep257' to check Python code against some of the style conventions in PEP 257
[18.732s] -- Added test 'uncrustify' to check C / C++ code style
[18.733s] -- Configured uncrustify additional arguments: 
[18.742s] -- Added test 'xmllint' to check XML markup files
[18.772s] -- Configuring done
[18.903s] -- Generating done
[18.920s] -- Build files have been written to: /home/olimex/dev_ws/src/robominer/build/robominer_drivers
[19.015s] Invoked command in '/home/olimex/dev_ws/src/robominer/build/robominer_drivers' returned '0': CMAKE_PREFIX_PATH=${CMAKE_PREFIX_PATH}:/opt/ros/foxy /usr/bin/cmake /home/olimex/dev_ws/src/robominer/robominer_drivers -DCMAKE_INSTALL_PREFIX=/home/olimex/dev_ws/src/robominer/install/robominer_drivers
[19.038s] Invoking command in '/home/olimex/dev_ws/src/robominer/build/robominer_drivers': CMAKE_PREFIX_PATH=${CMAKE_PREFIX_PATH}:/opt/ros/foxy /usr/bin/cmake --build /home/olimex/dev_ws/src/robominer/build/robominer_drivers -- -j4 -l4
[19.365s] [35m[1mScanning dependencies of target bno080_imu[0m
[19.366s] [35m[1mScanning dependencies of target tlv493d_tca9548a_whiskers[0m
[20.064s] [ 10%] [32mBuilding CXX object CMakeFiles/bno080_imu.dir/src/BNO080_i2c.cpp.o[0m
[20.077s] [ 20%] [32mBuilding CXX object CMakeFiles/bno080_imu.dir/src/BNO080_imu.cpp.o[0m
[20.115s] [ 30%] [32mBuilding CXX object CMakeFiles/tlv493d_tca9548a_whiskers.dir/src/Whiskers_MUX_node.cpp.o[0m
[20.125s] [ 40%] [32mBuilding CXX object CMakeFiles/tlv493d_tca9548a_whiskers.dir/src/arduino_to_olimex/Olimexino.cpp.o[0m
[22.495s] [01m[K/home/olimex/dev_ws/src/robominer/robominer_drivers/src/BNO080_i2c.cpp:[m[K In member function ‘[01m[Kfloat BNO080::getPitch()[m[K’:
[22.499s] [01m[K/home/olimex/dev_ws/src/robominer/robominer_drivers/src/BNO080_i2c.cpp:432:8:[m[K [01;35m[Kwarning: [m[Kunused variable ‘[01m[Kysqr[m[K’ [[01;35m[K-Wunused-variable[m[K]
[22.501s]   432 |  float [01;35m[Kysqr[m[K = dqy * dqy;
[22.503s]       |        [01;35m[K^~~~[m[K
[22.573s] [01m[K/home/olimex/dev_ws/src/robominer/robominer_drivers/src/BNO080_i2c.cpp:[m[K In member function ‘[01m[Kvoid BNO080::sendCalibrateCommand(uint8_t)[m[K’:
[22.574s] [01m[K/home/olimex/dev_ws/src/robominer/robominer_drivers/src/BNO080_i2c.cpp:1244:3:[m[K [01;35m[Kwarning: [m[Ksuggest braces around empty body in an ‘[01m[Kif[m[K’ statement [[01;35m[K-Wempty-body[m[K]
[22.576s]  1244 |   [01;35m[K;[m[K //Do nothing, bytes are set to zero
[22.578s]       |   [01;35m[K^[m[K
[23.211s] [ 50%] [32mBuilding CXX object CMakeFiles/tlv493d_tca9548a_whiskers.dir/src/arduino_to_olimex/Wire.cpp.o[0m
[24.072s] [ 60%] [32mBuilding CXX object CMakeFiles/tlv493d_tca9548a_whiskers.dir/src/tlv493d_lib/util/RegMask.cpp.o[0m
[26.839s] [ 70%] [32mBuilding CXX object CMakeFiles/tlv493d_tca9548a_whiskers.dir/src/tlv493d_lib/util/BusInterface.cpp.o[0m
[29.452s] [ 80%] [32mBuilding CXX object CMakeFiles/tlv493d_tca9548a_whiskers.dir/src/tlv493d_lib/Tlv493d.cpp.o[0m
[46.728s] [01m[K/home/olimex/dev_ws/src/robominer/robominer_drivers/src/BNO080_imu.cpp:[m[K In member function ‘[01m[Kvoid Bno080ImuPublisher::timer_callback()[m[K’:
[46.820s] [01m[K/home/olimex/dev_ws/src/robominer/robominer_drivers/src/BNO080_imu.cpp:57:12:[m[K [01;35m[Kwarning: [m[Kunused variable ‘[01m[KlinAccuracy[m[K’ [[01;35m[K-Wunused-variable[m[K]
[46.822s]    57 |       byte [01;35m[KlinAccuracy[m[K = 0;
[46.823s]       |            [01;35m[K^~~~~~~~~~~[m[K
[46.825s] [01m[K/home/olimex/dev_ws/src/robominer/robominer_drivers/src/BNO080_imu.cpp:58:12:[m[K [01;35m[Kwarning: [m[Kunused variable ‘[01m[KgyroAccuracy[m[K’ [[01;35m[K-Wunused-variable[m[K]
[46.826s]    58 |       byte [01;35m[KgyroAccuracy[m[K = 0;
[46.828s]       |            [01;35m[K^~~~~~~~~~~~[m[K
[108.605s] [100%] [32m[1mLinking CXX executable bno080_imu[0m
[108.635s] [100%] [32m[1mLinking CXX executable tlv493d_tca9548a_whiskers[0m
[111.414s] [100%] Built target bno080_imu
[111.447s] [100%] Built target tlv493d_tca9548a_whiskers
[112.042s] Invoked command in '/home/olimex/dev_ws/src/robominer/build/robominer_drivers' returned '0': CMAKE_PREFIX_PATH=${CMAKE_PREFIX_PATH}:/opt/ros/foxy /usr/bin/cmake --build /home/olimex/dev_ws/src/robominer/build/robominer_drivers -- -j4 -l4
[112.707s] Invoking command in '/home/olimex/dev_ws/src/robominer/build/robominer_drivers': CMAKE_PREFIX_PATH=${CMAKE_PREFIX_PATH}:/opt/ros/foxy /usr/bin/cmake --install /home/olimex/dev_ws/src/robominer/build/robominer_drivers
[112.797s] -- Install configuration: ""
[112.799s] -- Installing: /home/olimex/dev_ws/src/robominer/install/robominer_drivers/lib/robominer_drivers/bno080_imu
[112.808s] -- Set runtime path of "/home/olimex/dev_ws/src/robominer/install/robominer_drivers/lib/robominer_drivers/bno080_imu" to ""
[112.809s] -- Installing: /home/olimex/dev_ws/src/robominer/install/robominer_drivers/lib/robominer_drivers/tlv493d_tca9548a_whiskers
[112.818s] -- Set runtime path of "/home/olimex/dev_ws/src/robominer/install/robominer_drivers/lib/robominer_drivers/tlv493d_tca9548a_whiskers" to ""
[112.820s] -- Installing: /home/olimex/dev_ws/src/robominer/install/robominer_drivers/share/robominer_drivers/environment/pythonpath.sh
[112.824s] -- Installing: /home/olimex/dev_ws/src/robominer/install/robominer_drivers/share/robominer_drivers/environment/pythonpath.dsv
[112.833s] -- Installing: /home/olimex/dev_ws/src/robominer/install/robominer_drivers/lib/python3.8/site-packages/robominer_drivers
[112.842s] -- Installing: /home/olimex/dev_ws/src/robominer/install/robominer_drivers/lib/python3.8/site-packages/robominer_drivers/__init__.py
[113.421s] Listing '/home/olimex/dev_ws/src/robominer/install/robominer_drivers/lib/python3.8/site-packages/robominer_drivers'...
[113.422s] Compiling '/home/olimex/dev_ws/src/robominer/install/robominer_drivers/lib/python3.8/site-packages/robominer_drivers/__init__.py'...
[113.491s] -- Installing: /home/olimex/dev_ws/src/robominer/install/robominer_drivers/lib/robominer_drivers/motor_serial_interface.py
[113.493s] -- Installing: /home/olimex/dev_ws/src/robominer/install/robominer_drivers/lib/robominer_drivers/temperature_sensor.py
[113.502s] -- Installing: /home/olimex/dev_ws/src/robominer/install/robominer_drivers/share/robominer_drivers/launch
[113.504s] -- Installing: /home/olimex/dev_ws/src/robominer/install/robominer_drivers/share/robominer_drivers/launch/two_unos_com_id.launch.py
[113.506s] -- Installing: /home/olimex/dev_ws/src/robominer/install/robominer_drivers/share/robominer_drivers/launch/single_motor.launch.py
[113.507s] -- Installing: /home/olimex/dev_ws/src/robominer/install/robominer_drivers/share/robominer_drivers/launch/single_motor_com_id.launch.py
[113.509s] -- Installing: /home/olimex/dev_ws/src/robominer/install/robominer_drivers/share/robominer_drivers/launch/old_module_com_id.launch.py
[113.511s] -- Installing: /home/olimex/dev_ws/src/robominer/install/robominer_drivers/share/robominer_drivers/launch/right_module_com_id.launch.py
[113.512s] -- Installing: /home/olimex/dev_ws/src/robominer/install/robominer_drivers/share/robominer_drivers/launch/four_motor_modules.launch.py
[113.515s] -- Installing: /home/olimex/dev_ws/src/robominer/install/robominer_drivers/share/ament_index/resource_index/package_run_dependencies/robominer_drivers
[113.518s] -- Installing: /home/olimex/dev_ws/src/robominer/install/robominer_drivers/share/ament_index/resource_index/parent_prefix_path/robominer_drivers
[113.524s] -- Installing: /home/olimex/dev_ws/src/robominer/install/robominer_drivers/share/robominer_drivers/environment/ament_prefix_path.sh
[113.526s] -- Installing: /home/olimex/dev_ws/src/robominer/install/robominer_drivers/share/robominer_drivers/environment/ament_prefix_path.dsv
[113.529s] -- Installing: /home/olimex/dev_ws/src/robominer/install/robominer_drivers/share/robominer_drivers/environment/path.sh
[113.532s] -- Installing: /home/olimex/dev_ws/src/robominer/install/robominer_drivers/share/robominer_drivers/environment/path.dsv
[113.534s] -- Installing: /home/olimex/dev_ws/src/robominer/install/robominer_drivers/share/robominer_drivers/local_setup.bash
[113.537s] -- Installing: /home/olimex/dev_ws/src/robominer/install/robominer_drivers/share/robominer_drivers/local_setup.sh
[113.539s] -- Installing: /home/olimex/dev_ws/src/robominer/install/robominer_drivers/share/robominer_drivers/local_setup.zsh
[113.541s] -- Installing: /home/olimex/dev_ws/src/robominer/install/robominer_drivers/share/robominer_drivers/local_setup.dsv
[113.543s] -- Installing: /home/olimex/dev_ws/src/robominer/install/robominer_drivers/share/robominer_drivers/package.dsv
[113.546s] -- Installing: /home/olimex/dev_ws/src/robominer/install/robominer_drivers/share/ament_index/resource_index/packages/robominer_drivers
[113.548s] -- Installing: /home/olimex/dev_ws/src/robominer/install/robominer_drivers/share/robominer_drivers/cmake/robominer_driversConfig.cmake
[113.549s] -- Installing: /home/olimex/dev_ws/src/robominer/install/robominer_drivers/share/robominer_drivers/cmake/robominer_driversConfig-version.cmake
[113.558s] -- Installing: /home/olimex/dev_ws/src/robominer/install/robominer_drivers/share/robominer_drivers/package.xml
[113.595s] Invoked command in '/home/olimex/dev_ws/src/robominer/build/robominer_drivers' returned '0': CMAKE_PREFIX_PATH=${CMAKE_PREFIX_PATH}:/opt/ros/foxy /usr/bin/cmake --install /home/olimex/dev_ws/src/robominer/build/robominer_drivers
