[2.376s] DEBUG:colcon:Command line arguments: ['/usr/bin/colcon', 'build', '--packages-select', 'robominer_drivers']
[2.377s] DEBUG:colcon:Parsed command line arguments: Namespace(ament_cmake_args=None, base_paths=['.'], build_base='build', catkin_cmake_args=None, catkin_skip_building_tests=False, cmake_args=None, cmake_clean_cache=False, cmake_clean_first=False, cmake_force_configure=False, cmake_target=None, cmake_target_skip_unavailable=False, continue_on_error=False, event_handlers=None, executor='parallel', ignore_user_meta=False, install_base='install', log_base=None, log_level=None, main=<bound method BuildVerb.main of <colcon_core.verb.build.BuildVerb object at 0xffffa2049460>>, merge_install=False, metas=['./colcon.meta'], packages_above=None, packages_above_and_dependencies=None, packages_above_depth=None, packages_end=None, packages_ignore=None, packages_ignore_regex=None, packages_select=['robominer_drivers'], packages_select_build_failed=False, packages_select_by_dep=None, packages_select_regex=None, packages_select_test_failures=False, packages_skip=None, packages_skip_build_finished=False, packages_skip_by_dep=None, packages_skip_regex=None, packages_skip_test_passed=False, packages_skip_up_to=None, packages_start=None, packages_up_to=None, packages_up_to_regex=None, parallel_workers=4, paths=None, symlink_install=False, test_result_base=None, verb_extension=<colcon_core.verb.build.BuildVerb object at 0xffffa2049460>, verb_name='build', verb_parser=<colcon_defaults.argument_parser.defaults.DefaultArgumentsDecorator object at 0xffffa20499a0>)
[2.660s] Level 1:colcon.colcon_core.package_discovery:discover_packages(colcon_meta) check parameters
[2.662s] Level 1:colcon.colcon_core.package_discovery:discover_packages(recursive) check parameters
[2.662s] Level 1:colcon.colcon_core.package_discovery:discover_packages(ignore) check parameters
[2.663s] Level 1:colcon.colcon_core.package_discovery:discover_packages(path) check parameters
[2.663s] Level 1:colcon.colcon_core.package_discovery:discover_packages(colcon_meta) discover
[2.664s] Level 1:colcon.colcon_core.package_discovery:discover_packages(recursive) discover
[2.664s] INFO:colcon.colcon_core.package_discovery:Crawling recursively for packages in '/home/olimex/dev_ws/src/robominer'
[2.665s] Level 1:colcon.colcon_core.package_identification:_identify(.) by extensions ['ignore', 'ignore_ament_install']
[2.666s] Level 1:colcon.colcon_core.package_identification:_identify(.) by extension 'ignore'
[2.667s] Level 1:colcon.colcon_core.package_identification:_identify(.) by extension 'ignore_ament_install'
[2.667s] Level 1:colcon.colcon_core.package_identification:_identify(.) by extensions ['colcon_pkg']
[2.668s] Level 1:colcon.colcon_core.package_identification:_identify(.) by extension 'colcon_pkg'
[2.668s] Level 1:colcon.colcon_core.package_identification:_identify(.) by extensions ['colcon_meta']
[2.669s] Level 1:colcon.colcon_core.package_identification:_identify(.) by extension 'colcon_meta'
[2.669s] Level 1:colcon.colcon_core.package_identification:_identify(.) by extensions ['ros']
[2.670s] Level 1:colcon.colcon_core.package_identification:_identify(.) by extension 'ros'
[2.843s] Level 1:colcon.colcon_core.package_identification:_identify(.) by extensions ['cmake', 'python']
[2.843s] Level 1:colcon.colcon_core.package_identification:_identify(.) by extension 'cmake'
[2.844s] Level 1:colcon.colcon_core.package_identification:_identify(.) by extension 'python'
[2.844s] Level 1:colcon.colcon_core.package_identification:_identify(.) by extensions ['python_setup_py']
[2.845s] Level 1:colcon.colcon_core.package_identification:_identify(.) by extension 'python_setup_py'
[2.846s] Level 1:colcon.colcon_core.package_identification:_identify(build) by extensions ['ignore', 'ignore_ament_install']
[2.847s] Level 1:colcon.colcon_core.package_identification:_identify(build) by extension 'ignore'
[2.848s] Level 1:colcon.colcon_core.package_identification:_identify(build) ignored
[2.849s] Level 1:colcon.colcon_core.package_identification:_identify(install) by extensions ['ignore', 'ignore_ament_install']
[2.850s] Level 1:colcon.colcon_core.package_identification:_identify(install) by extension 'ignore'
[2.851s] Level 1:colcon.colcon_core.package_identification:_identify(install) ignored
[2.852s] Level 1:colcon.colcon_core.package_identification:_identify(log) by extensions ['ignore', 'ignore_ament_install']
[2.853s] Level 1:colcon.colcon_core.package_identification:_identify(log) by extension 'ignore'
[2.853s] Level 1:colcon.colcon_core.package_identification:_identify(log) ignored
[2.857s] Level 1:colcon.colcon_core.package_identification:_identify(robominer_bringup) by extensions ['ignore', 'ignore_ament_install']
[2.858s] Level 1:colcon.colcon_core.package_identification:_identify(robominer_bringup) by extension 'ignore'
[2.859s] Level 1:colcon.colcon_core.package_identification:_identify(robominer_bringup) by extension 'ignore_ament_install'
[2.860s] Level 1:colcon.colcon_core.package_identification:_identify(robominer_bringup) by extensions ['colcon_pkg']
[2.860s] Level 1:colcon.colcon_core.package_identification:_identify(robominer_bringup) by extension 'colcon_pkg'
[2.861s] Level 1:colcon.colcon_core.package_identification:_identify(robominer_bringup) by extensions ['colcon_meta']
[2.861s] Level 1:colcon.colcon_core.package_identification:_identify(robominer_bringup) by extension 'colcon_meta'
[2.862s] Level 1:colcon.colcon_core.package_identification:_identify(robominer_bringup) by extensions ['ros']
[2.862s] Level 1:colcon.colcon_core.package_identification:_identify(robominer_bringup) by extension 'ros'
[2.894s] DEBUG:colcon.colcon_core.package_identification:Package 'robominer_bringup' with type 'ros.ament_python' and name 'robominer_bringup'
[2.896s] Level 1:colcon.colcon_core.package_identification:_identify(robominer_drivers) by extensions ['ignore', 'ignore_ament_install']
[2.897s] Level 1:colcon.colcon_core.package_identification:_identify(robominer_drivers) by extension 'ignore'
[2.897s] Level 1:colcon.colcon_core.package_identification:_identify(robominer_drivers) by extension 'ignore_ament_install'
[2.898s] Level 1:colcon.colcon_core.package_identification:_identify(robominer_drivers) by extensions ['colcon_pkg']
[2.899s] Level 1:colcon.colcon_core.package_identification:_identify(robominer_drivers) by extension 'colcon_pkg'
[2.899s] Level 1:colcon.colcon_core.package_identification:_identify(robominer_drivers) by extensions ['colcon_meta']
[2.900s] Level 1:colcon.colcon_core.package_identification:_identify(robominer_drivers) by extension 'colcon_meta'
[2.900s] Level 1:colcon.colcon_core.package_identification:_identify(robominer_drivers) by extensions ['ros']
[2.900s] Level 1:colcon.colcon_core.package_identification:_identify(robominer_drivers) by extension 'ros'
[2.912s] DEBUG:colcon.colcon_core.package_identification:Package 'robominer_drivers' with type 'ros.ament_cmake' and name 'robominer_drivers'
[2.916s] Level 1:colcon.colcon_core.package_identification:_identify(robominer_locomotion_control) by extensions ['ignore', 'ignore_ament_install']
[2.917s] Level 1:colcon.colcon_core.package_identification:_identify(robominer_locomotion_control) by extension 'ignore'
[2.918s] Level 1:colcon.colcon_core.package_identification:_identify(robominer_locomotion_control) by extension 'ignore_ament_install'
[2.919s] Level 1:colcon.colcon_core.package_identification:_identify(robominer_locomotion_control) by extensions ['colcon_pkg']
[2.919s] Level 1:colcon.colcon_core.package_identification:_identify(robominer_locomotion_control) by extension 'colcon_pkg'
[2.920s] Level 1:colcon.colcon_core.package_identification:_identify(robominer_locomotion_control) by extensions ['colcon_meta']
[2.920s] Level 1:colcon.colcon_core.package_identification:_identify(robominer_locomotion_control) by extension 'colcon_meta'
[2.921s] Level 1:colcon.colcon_core.package_identification:_identify(robominer_locomotion_control) by extensions ['ros']
[2.921s] Level 1:colcon.colcon_core.package_identification:_identify(robominer_locomotion_control) by extension 'ros'
[2.936s] DEBUG:colcon.colcon_core.package_identification:Package 'robominer_locomotion_control' with type 'ros.ament_python' and name 'robominer_locomotion_control'
[2.938s] Level 1:colcon.colcon_core.package_identification:_identify(robominer_msgs) by extensions ['ignore', 'ignore_ament_install']
[2.939s] Level 1:colcon.colcon_core.package_identification:_identify(robominer_msgs) by extension 'ignore'
[2.940s] Level 1:colcon.colcon_core.package_identification:_identify(robominer_msgs) by extension 'ignore_ament_install'
[2.941s] Level 1:colcon.colcon_core.package_identification:_identify(robominer_msgs) by extensions ['colcon_pkg']
[2.941s] Level 1:colcon.colcon_core.package_identification:_identify(robominer_msgs) by extension 'colcon_pkg'
[2.942s] Level 1:colcon.colcon_core.package_identification:_identify(robominer_msgs) by extensions ['colcon_meta']
[2.942s] Level 1:colcon.colcon_core.package_identification:_identify(robominer_msgs) by extension 'colcon_meta'
[2.943s] Level 1:colcon.colcon_core.package_identification:_identify(robominer_msgs) by extensions ['ros']
[2.943s] Level 1:colcon.colcon_core.package_identification:_identify(robominer_msgs) by extension 'ros'
[2.950s] DEBUG:colcon.colcon_core.package_identification:Package 'robominer_msgs' with type 'ros.ament_cmake' and name 'robominer_msgs'
[2.953s] Level 1:colcon.colcon_core.package_identification:_identify(rosbag2_2021_04_22-14_47_24) by extensions ['ignore', 'ignore_ament_install']
[2.954s] Level 1:colcon.colcon_core.package_identification:_identify(rosbag2_2021_04_22-14_47_24) by extension 'ignore'
[2.954s] Level 1:colcon.colcon_core.package_identification:_identify(rosbag2_2021_04_22-14_47_24) by extension 'ignore_ament_install'
[2.955s] Level 1:colcon.colcon_core.package_identification:_identify(rosbag2_2021_04_22-14_47_24) by extensions ['colcon_pkg']
[2.956s] Level 1:colcon.colcon_core.package_identification:_identify(rosbag2_2021_04_22-14_47_24) by extension 'colcon_pkg'
[2.956s] Level 1:colcon.colcon_core.package_identification:_identify(rosbag2_2021_04_22-14_47_24) by extensions ['colcon_meta']
[2.956s] Level 1:colcon.colcon_core.package_identification:_identify(rosbag2_2021_04_22-14_47_24) by extension 'colcon_meta'
[2.957s] Level 1:colcon.colcon_core.package_identification:_identify(rosbag2_2021_04_22-14_47_24) by extensions ['ros']
[2.957s] Level 1:colcon.colcon_core.package_identification:_identify(rosbag2_2021_04_22-14_47_24) by extension 'ros'
[2.958s] Level 1:colcon.colcon_core.package_identification:_identify(rosbag2_2021_04_22-14_47_24) by extensions ['cmake', 'python']
[2.959s] Level 1:colcon.colcon_core.package_identification:_identify(rosbag2_2021_04_22-14_47_24) by extension 'cmake'
[2.959s] Level 1:colcon.colcon_core.package_identification:_identify(rosbag2_2021_04_22-14_47_24) by extension 'python'
[2.960s] Level 1:colcon.colcon_core.package_identification:_identify(rosbag2_2021_04_22-14_47_24) by extensions ['python_setup_py']
[2.960s] Level 1:colcon.colcon_core.package_identification:_identify(rosbag2_2021_04_22-14_47_24) by extension 'python_setup_py'
[2.961s] Level 1:colcon.colcon_core.package_discovery:discover_packages(recursive) using defaults
[2.961s] Level 1:colcon.colcon_core.package_discovery:discover_packages(ignore) discover
[2.962s] Level 1:colcon.colcon_core.package_discovery:discover_packages(ignore) using defaults
[2.962s] Level 1:colcon.colcon_core.package_discovery:discover_packages(path) discover
[2.962s] Level 1:colcon.colcon_core.package_discovery:discover_packages(path) using defaults
[2.998s] INFO:colcon.colcon_core.package_selection:Skipping not selected package 'robominer_bringup' in 'robominer_bringup'
[2.998s] INFO:colcon.colcon_core.package_selection:Skipping not selected package 'robominer_locomotion_control' in 'robominer_locomotion_control'
[2.999s] INFO:colcon.colcon_core.package_selection:Skipping not selected package 'robominer_msgs' in 'robominer_msgs'
[3.032s] Level 5:colcon.colcon_core.verb:set package 'robominer_drivers' build argument 'cmake_args' from command line to 'None'
[3.032s] Level 5:colcon.colcon_core.verb:set package 'robominer_drivers' build argument 'cmake_target' from command line to 'None'
[3.033s] Level 5:colcon.colcon_core.verb:set package 'robominer_drivers' build argument 'cmake_target_skip_unavailable' from command line to 'False'
[3.033s] Level 5:colcon.colcon_core.verb:set package 'robominer_drivers' build argument 'cmake_clean_cache' from command line to 'False'
[3.034s] Level 5:colcon.colcon_core.verb:set package 'robominer_drivers' build argument 'cmake_clean_first' from command line to 'False'
[3.034s] Level 5:colcon.colcon_core.verb:set package 'robominer_drivers' build argument 'cmake_force_configure' from command line to 'False'
[3.034s] Level 5:colcon.colcon_core.verb:set package 'robominer_drivers' build argument 'ament_cmake_args' from command line to 'None'
[3.035s] Level 5:colcon.colcon_core.verb:set package 'robominer_drivers' build argument 'catkin_cmake_args' from command line to 'None'
[3.035s] Level 5:colcon.colcon_core.verb:set package 'robominer_drivers' build argument 'catkin_skip_building_tests' from command line to 'False'
[3.035s] DEBUG:colcon.colcon_core.verb:Building package 'robominer_drivers' with the following arguments: {'ament_cmake_args': None, 'build_base': '/home/olimex/dev_ws/src/robominer/build/robominer_drivers', 'catkin_cmake_args': None, 'catkin_skip_building_tests': False, 'cmake_args': None, 'cmake_clean_cache': False, 'cmake_clean_first': False, 'cmake_force_configure': False, 'cmake_target': None, 'cmake_target_skip_unavailable': False, 'install_base': '/home/olimex/dev_ws/src/robominer/install/robominer_drivers', 'merge_install': False, 'path': '/home/olimex/dev_ws/src/robominer/robominer_drivers', 'symlink_install': False, 'test_result_base': None}
[3.039s] INFO:colcon.colcon_core.executor:Executing jobs using 'parallel' executor
[3.059s] DEBUG:colcon.colcon_parallel_executor.executor.parallel:run_until_complete
[3.062s] INFO:colcon.colcon_ros.task.ament_cmake.build:Building ROS package in '/home/olimex/dev_ws/src/robominer/robominer_drivers' with build type 'ament_cmake'
[3.130s] INFO:colcon.colcon_core.plugin_system:Skipping extension 'colcon_core.shell.bat': Not used on non-Windows systems
[3.133s] INFO:colcon.colcon_cmake.task.cmake.build:Building CMake package in '/home/olimex/dev_ws/src/robominer/robominer_drivers'
[3.139s] INFO:colcon.colcon_core.shell:Skip shell extension 'powershell' for command environment: Not usable outside of PowerShell
[3.140s] DEBUG:colcon.colcon_core.shell:Skip shell extension 'dsv' for command environment
[3.193s] DEBUG:colcon.colcon_core.shell:Ignoring prefix path '/opt/ros/foxy'
[3.279s] DEBUG:colcon.colcon_core.event_handler.log_command:Invoking command in '/home/olimex/dev_ws/src/robominer/build/robominer_drivers': CMAKE_PREFIX_PATH=${CMAKE_PREFIX_PATH}:/opt/ros/foxy /usr/bin/cmake --build /home/olimex/dev_ws/src/robominer/build/robominer_drivers -- -j4 -l4
[39.820s] DEBUG:colcon.colcon_core.event_handler.log_command:Invoked command in '/home/olimex/dev_ws/src/robominer/build/robominer_drivers' returned '0': CMAKE_PREFIX_PATH=${CMAKE_PREFIX_PATH}:/opt/ros/foxy /usr/bin/cmake --build /home/olimex/dev_ws/src/robominer/build/robominer_drivers -- -j4 -l4
[40.151s] DEBUG:colcon.colcon_core.event_handler.log_command:Invoking command in '/home/olimex/dev_ws/src/robominer/build/robominer_drivers': CMAKE_PREFIX_PATH=${CMAKE_PREFIX_PATH}:/opt/ros/foxy /usr/bin/cmake --install /home/olimex/dev_ws/src/robominer/build/robominer_drivers
[40.616s] Level 1:colcon.colcon_core.environment:create_environment_scripts_only(robominer_drivers)
[40.635s] DEBUG:colcon.colcon_core.event_handler.log_command:Invoked command in '/home/olimex/dev_ws/src/robominer/build/robominer_drivers' returned '0': CMAKE_PREFIX_PATH=${CMAKE_PREFIX_PATH}:/opt/ros/foxy /usr/bin/cmake --install /home/olimex/dev_ws/src/robominer/build/robominer_drivers
[40.662s] Level 1:colcon.colcon_core.environment:checking '/home/olimex/dev_ws/src/robominer/install/robominer_drivers' for CMake module files
[40.669s] Level 1:colcon.colcon_core.environment:checking '/home/olimex/dev_ws/src/robominer/install/robominer_drivers' for CMake config files
[40.672s] Level 1:colcon.colcon_core.shell:create_environment_hook('robominer_drivers', 'cmake_prefix_path')
[40.679s] INFO:colcon.colcon_core.shell:Creating environment hook '/home/olimex/dev_ws/src/robominer/install/robominer_drivers/share/robominer_drivers/hook/cmake_prefix_path.ps1'
[40.685s] INFO:colcon.colcon_core.shell:Creating environment descriptor '/home/olimex/dev_ws/src/robominer/install/robominer_drivers/share/robominer_drivers/hook/cmake_prefix_path.dsv'
[40.691s] INFO:colcon.colcon_core.shell:Creating environment hook '/home/olimex/dev_ws/src/robominer/install/robominer_drivers/share/robominer_drivers/hook/cmake_prefix_path.sh'
[40.701s] Level 1:colcon.colcon_core.environment:checking '/home/olimex/dev_ws/src/robominer/install/robominer_drivers/lib'
[40.703s] Level 1:colcon.colcon_core.environment:checking '/home/olimex/dev_ws/src/robominer/install/robominer_drivers/bin'
[40.704s] Level 1:colcon.colcon_core.environment:checking '/home/olimex/dev_ws/src/robominer/install/robominer_drivers/lib/pkgconfig/robominer_drivers.pc'
[40.705s] Level 1:colcon.colcon_core.environment:checking '/home/olimex/dev_ws/src/robominer/install/robominer_drivers/lib/python3.8/site-packages'
[40.706s] Level 1:colcon.colcon_core.shell:create_environment_hook('robominer_drivers', 'pythonpath')
[40.711s] INFO:colcon.colcon_core.shell:Creating environment hook '/home/olimex/dev_ws/src/robominer/install/robominer_drivers/share/robominer_drivers/hook/pythonpath.ps1'
[40.717s] INFO:colcon.colcon_core.shell:Creating environment descriptor '/home/olimex/dev_ws/src/robominer/install/robominer_drivers/share/robominer_drivers/hook/pythonpath.dsv'
[40.720s] INFO:colcon.colcon_core.shell:Creating environment hook '/home/olimex/dev_ws/src/robominer/install/robominer_drivers/share/robominer_drivers/hook/pythonpath.sh'
[40.732s] INFO:colcon.colcon_core.shell:Creating package script '/home/olimex/dev_ws/src/robominer/install/robominer_drivers/share/robominer_drivers/package.ps1'
[40.742s] INFO:colcon.colcon_core.shell:Creating package descriptor '/home/olimex/dev_ws/src/robominer/install/robominer_drivers/share/robominer_drivers/package.dsv'
[40.750s] INFO:colcon.colcon_core.shell:Creating package script '/home/olimex/dev_ws/src/robominer/install/robominer_drivers/share/robominer_drivers/package.sh'
[40.759s] INFO:colcon.colcon_core.shell:Creating package script '/home/olimex/dev_ws/src/robominer/install/robominer_drivers/share/robominer_drivers/package.bash'
[40.769s] INFO:colcon.colcon_core.shell:Creating package script '/home/olimex/dev_ws/src/robominer/install/robominer_drivers/share/robominer_drivers/package.zsh'
[40.778s] Level 1:colcon.colcon_core.environment:create_file_with_runtime_dependencies(/home/olimex/dev_ws/src/robominer/install/robominer_drivers/share/colcon-core/packages/robominer_drivers)
[40.782s] DEBUG:colcon.colcon_parallel_executor.executor.parallel:closing loop
[40.784s] DEBUG:colcon.colcon_parallel_executor.executor.parallel:loop closed
[40.785s] DEBUG:colcon.colcon_parallel_executor.executor.parallel:run_until_complete finished with '0'
[40.786s] DEBUG:colcon.colcon_core.event_reactor:joining thread
[40.854s] INFO:colcon.colcon_core.plugin_system:Skipping extension 'colcon_notification.desktop_notification.terminal_notifier': Not used on non-Darwin systems
[40.855s] INFO:colcon.colcon_core.plugin_system:Skipping extension 'colcon_notification.desktop_notification.win32': Not used on non-Windows systems
[40.856s] INFO:colcon.colcon_notification.desktop_notification:Sending desktop notification using 'notify2'
[40.877s] DEBUG:colcon.colcon_core.event_reactor:joined thread
[40.885s] INFO:colcon.colcon_core.shell:Creating prefix script '/home/olimex/dev_ws/src/robominer/install/local_setup.ps1'
[40.896s] INFO:colcon.colcon_core.shell:Creating prefix util module '/home/olimex/dev_ws/src/robominer/install/_local_setup_util_ps1.py'
[40.911s] INFO:colcon.colcon_core.shell:Creating prefix chain script '/home/olimex/dev_ws/src/robominer/install/setup.ps1'
[40.940s] INFO:colcon.colcon_core.shell:Creating prefix script '/home/olimex/dev_ws/src/robominer/install/local_setup.sh'
[40.947s] INFO:colcon.colcon_core.shell:Creating prefix util module '/home/olimex/dev_ws/src/robominer/install/_local_setup_util_sh.py'
[40.952s] INFO:colcon.colcon_core.shell:Creating prefix chain script '/home/olimex/dev_ws/src/robominer/install/setup.sh'
[40.981s] INFO:colcon.colcon_core.shell:Creating prefix script '/home/olimex/dev_ws/src/robominer/install/local_setup.bash'
[40.987s] INFO:colcon.colcon_core.shell:Creating prefix chain script '/home/olimex/dev_ws/src/robominer/install/setup.bash'
[41.016s] INFO:colcon.colcon_core.shell:Creating prefix script '/home/olimex/dev_ws/src/robominer/install/local_setup.zsh'
[41.022s] INFO:colcon.colcon_core.shell:Creating prefix chain script '/home/olimex/dev_ws/src/robominer/install/setup.zsh'
